<?xml version="1.0" encoding="UTF-8" ?>
<testsuite errors="0" failures="0" hostname="LTTECH1640" name="junit.TestCalculator" skipped="0" tests="5" time="0.039" timestamp="2018-09-30T14:58:04">
  <properties>
[...]
</properties>
  <testcase classname="junit.TestCalculator" name="testDivideByZero" time="0.004" />
  <testcase classname="junit.TestCalculator" name="testAdd" time="0.0" />
  <testcase classname="junit.TestCalculator" name="testSubtract" time="0.0" />
  <testcase classname="junit.TestCalculator" name="testDivide" time="0.0" />
  <testcase classname="junit.TestCalculator" name="testMultiply" time="0.0" />
  <system-out><![CDATA[]]></system-out>
  <system-err><![CDATA[]]></system-err>
</testsuite>
